This file contains any messages produced by compilers while
running configure, to aid debugging if configure makes a mistake.

It was created by PCFS by RPI configure 1.0, which was
generated by GNU Autoconf 2.68.  Invocation command line was

  $ ./configure 

## --------- ##
## Platform. ##
## --------- ##

hostname = W530
uname -m = x86_64
uname -r = 3.11.0-26-generic
uname -s = Linux
uname -v = #45~precise1-Ubuntu SMP Tue Jul 15 04:02:35 UTC 2014

/usr/bin/uname -p = unknown
/bin/uname -X     = unknown

/bin/arch              = unknown
/usr/bin/arch -k       = unknown
/usr/convex/getsysinfo = unknown
/usr/bin/hostinfo      = unknown
/bin/machine           = unknown
/usr/bin/oslevel       = unknown
/bin/universe          = unknown

PATH: /opt/SublimeText
PATH: /opt/scitools/bin/linux64
PATH: /opt/jdk1.6.0_45/bin
PATH: /opt/jdk1.6.0_45/jre/bin
PATH: /usr/lib/libfm
PATH: /usr/lib/lightdm/lightdm
PATH: /usr/local/sbin
PATH: /usr/local/bin
PATH: /usr/sbin
PATH: /usr/bin
PATH: /sbin
PATH: /bin
PATH: /usr/games
PATH: /usr/local/share/arm-eabi-4.6/bin
PATH: /home/xuebinzhang/Android/android-sdk-linux/platform-tools
PATH: /opt/codesourcery/arm-2009q1/bin
PATH: /home/xuebinzhang/toolschain/4.5.1/bin


## ----------- ##
## Core tests. ##
## ----------- ##

configure:2296: checking for a BSD-compatible install
configure:2364: result: /usr/bin/install -c
configure:2375: checking whether build environment is sane
configure:2425: result: yes
configure:2566: checking for a thread-safe mkdir -p
configure:2605: result: /bin/mkdir -p
configure:2618: checking for gawk
configure:2648: result: no
configure:2618: checking for mawk
configure:2634: found /usr/bin/mawk
configure:2645: result: mawk
configure:2656: checking whether make sets $(MAKE)
configure:2678: result: yes
configure:2809: checking for gcc
configure:2825: found /usr/bin/gcc
configure:2836: result: gcc
configure:3065: checking for C compiler version
configure:3074: gcc --version >&5
gcc (Ubuntu/Linaro 4.6.3-1ubuntu5) 4.6.3
Copyright (C) 2011 Free Software Foundation, Inc.
This is free software; see the source for copying conditions.  There is NO
warranty; not even for MERCHANTABILITY or FITNESS FOR A PARTICULAR PURPOSE.

configure:3085: $? = 0
configure:3074: gcc -v >&5
Using built-in specs.
COLLECT_GCC=gcc
COLLECT_LTO_WRAPPER=/usr/lib/gcc/x86_64-linux-gnu/4.6/lto-wrapper
Target: x86_64-linux-gnu
Configured with: ../src/configure -v --with-pkgversion='Ubuntu/Linaro 4.6.3-1ubuntu5' --with-bugurl=file:///usr/share/doc/gcc-4.6/README.Bugs --enable-languages=c,c++,fortran,objc,obj-c++ --prefix=/usr --program-suffix=-4.6 --enable-shared --enable-linker-build-id --with-system-zlib --libexecdir=/usr/lib --without-included-gettext --enable-threads=posix --with-gxx-include-dir=/usr/include/c++/4.6 --libdir=/usr/lib --enable-nls --with-sysroot=/ --enable-clocale=gnu --enable-libstdcxx-debug --enable-libstdcxx-time=yes --enable-gnu-unique-object --enable-plugin --enable-objc-gc --disable-werror --with-arch-32=i686 --with-tune=generic --enable-checking=release --build=x86_64-linux-gnu --host=x86_64-linux-gnu --target=x86_64-linux-gnu
Thread model: posix
gcc version 4.6.3 (Ubuntu/Linaro 4.6.3-1ubuntu5) 
configure:3085: $? = 0
configure:3074: gcc -V >&5
gcc: error: unrecognized option '-V'
gcc: fatal error: no input files
compilation terminated.
configure:3085: $? = 4
configure:3074: gcc -qversion >&5
gcc: error: unrecognized option '-qversion'
gcc: fatal error: no input files
compilation terminated.
configure:3085: $? = 4
configure:3105: checking whether the C compiler works
configure:3127: gcc    conftest.c  >&5
configure:3131: $? = 0
configure:3179: result: yes
configure:3182: checking for C compiler default output file name
configure:3184: result: a.out
configure:3190: checking for suffix of executables
configure:3197: gcc -o conftest    conftest.c  >&5
configure:3201: $? = 0
configure:3223: result: 
configure:3245: checking whether we are cross compiling
configure:3253: gcc -o conftest    conftest.c  >&5
configure:3257: $? = 0
configure:3264: ./conftest
configure:3268: $? = 0
configure:3283: result: no
configure:3288: checking for suffix of object files
configure:3310: gcc -c   conftest.c >&5
configure:3314: $? = 0
configure:3335: result: o
configure:3339: checking whether we are using the GNU C compiler
configure:3358: gcc -c   conftest.c >&5
configure:3358: $? = 0
configure:3367: result: yes
configure:3376: checking whether gcc accepts -g
configure:3396: gcc -c -g  conftest.c >&5
configure:3396: $? = 0
configure:3437: result: yes
configure:3454: checking for gcc option to accept ISO C89
configure:3518: gcc  -c -g -O2  conftest.c >&5
configure:3518: $? = 0
configure:3531: result: none needed
configure:3562: checking for style of include used by make
configure:3590: result: GNU
configure:3616: checking dependency style of gcc
configure:3727: result: gcc3
configure:3742: checking whether ln -s works
configure:3746: result: yes
configure:3754: checking whether gcc and cc understand -c and -o together
configure:3785: gcc -c conftest.c -o conftest2.o >&5
configure:3789: $? = 0
configure:3795: gcc -c conftest.c -o conftest2.o >&5
configure:3799: $? = 0
configure:3810: cc -c conftest.c >&5
configure:3814: $? = 0
configure:3822: cc -c conftest.c -o conftest2.o >&5
configure:3826: $? = 0
configure:3832: cc -c conftest.c -o conftest2.o >&5
configure:3836: $? = 0
configure:3854: result: yes
configure:3882: checking checking for Mac OS X
configure:3901: result: no
configure:3920: checking how to run the C preprocessor
configure:3951: gcc -E  conftest.c
configure:3951: $? = 0
configure:3965: gcc -E  conftest.c
conftest.c:11:28: fatal error: ac_nonexistent.h: No such file or directory
compilation terminated.
configure:3965: $? = 1
configure: failed program was:
| /* confdefs.h */
| #define PACKAGE_NAME "PCFS by RPI"
| #define PACKAGE_TARNAME "pcfs-by-rpi"
| #define PACKAGE_VERSION "1.0"
| #define PACKAGE_STRING "PCFS by RPI 1.0"
| #define PACKAGE_BUGREPORT ""
| #define PACKAGE_URL ""
| #define PACKAGE "pcfs-by-rpi"
| #define VERSION "1.0"
| /* end confdefs.h.  */
| #include <ac_nonexistent.h>
configure:3990: result: gcc -E
configure:4010: gcc -E  conftest.c
configure:4010: $? = 0
configure:4024: gcc -E  conftest.c
conftest.c:11:28: fatal error: ac_nonexistent.h: No such file or directory
compilation terminated.
configure:4024: $? = 1
configure: failed program was:
| /* confdefs.h */
| #define PACKAGE_NAME "PCFS by RPI"
| #define PACKAGE_TARNAME "pcfs-by-rpi"
| #define PACKAGE_VERSION "1.0"
| #define PACKAGE_STRING "PCFS by RPI 1.0"
| #define PACKAGE_BUGREPORT ""
| #define PACKAGE_URL ""
| #define PACKAGE "pcfs-by-rpi"
| #define VERSION "1.0"
| /* end confdefs.h.  */
| #include <ac_nonexistent.h>
configure:4053: checking for grep that handles long lines and -e
configure:4111: result: /bin/grep
configure:4116: checking for egrep
configure:4178: result: /bin/grep -E
configure:4183: checking for ANSI C header files
configure:4203: gcc -c -g -O2 -Wall -g  conftest.c >&5
configure:4203: $? = 0
configure:4276: gcc -o conftest -g -O2 -Wall -g   conftest.c  >&5
configure:4276: $? = 0
configure:4276: ./conftest
configure:4276: $? = 0
configure:4287: result: yes
configure:4300: checking for sys/types.h
configure:4300: gcc -c -g -O2 -Wall -g  conftest.c >&5
configure:4300: $? = 0
configure:4300: result: yes
configure:4300: checking for sys/stat.h
configure:4300: gcc -c -g -O2 -Wall -g  conftest.c >&5
configure:4300: $? = 0
configure:4300: result: yes
configure:4300: checking for stdlib.h
configure:4300: gcc -c -g -O2 -Wall -g  conftest.c >&5
configure:4300: $? = 0
configure:4300: result: yes
configure:4300: checking for string.h
configure:4300: gcc -c -g -O2 -Wall -g  conftest.c >&5
configure:4300: $? = 0
configure:4300: result: yes
configure:4300: checking for memory.h
configure:4300: gcc -c -g -O2 -Wall -g  conftest.c >&5
configure:4300: $? = 0
configure:4300: result: yes
configure:4300: checking for strings.h
configure:4300: gcc -c -g -O2 -Wall -g  conftest.c >&5
configure:4300: $? = 0
configure:4300: result: yes
configure:4300: checking for inttypes.h
configure:4300: gcc -c -g -O2 -Wall -g  conftest.c >&5
configure:4300: $? = 0
configure:4300: result: yes
configure:4300: checking for stdint.h
configure:4300: gcc -c -g -O2 -Wall -g  conftest.c >&5
configure:4300: $? = 0
configure:4300: result: yes
configure:4300: checking for unistd.h
configure:4300: gcc -c -g -O2 -Wall -g  conftest.c >&5
configure:4300: $? = 0
configure:4300: result: yes
configure:4315: checking sys/mount.h usability
configure:4315: gcc -c -g -O2 -Wall -g  conftest.c >&5
configure:4315: $? = 0
configure:4315: result: yes
configure:4315: checking sys/mount.h presence
configure:4315: gcc -E  conftest.c
configure:4315: $? = 0
configure:4315: result: yes
configure:4315: checking for sys/mount.h
configure:4315: result: yes
configure:4315: checking sys/fsuid.h usability
configure:4315: gcc -c -g -O2 -Wall -g  conftest.c >&5
configure:4315: $? = 0
configure:4315: result: yes
configure:4315: checking sys/fsuid.h presence
configure:4315: gcc -E  conftest.c
configure:4315: $? = 0
configure:4315: result: yes
configure:4315: checking for sys/fsuid.h
configure:4315: result: yes
configure:4315: checking fcntl.h usability
configure:4315: gcc -c -g -O2 -Wall -g  conftest.c >&5
configure:4315: $? = 0
configure:4315: result: yes
configure:4315: checking fcntl.h presence
configure:4315: gcc -E  conftest.c
configure:4315: $? = 0
configure:4315: result: yes
configure:4315: checking for fcntl.h
configure:4315: result: yes
configure:4315: checking limits.h usability
configure:4315: gcc -c -g -O2 -Wall -g  conftest.c >&5
configure:4315: $? = 0
configure:4315: result: yes
configure:4315: checking limits.h presence
configure:4315: gcc -E  conftest.c
configure:4315: $? = 0
configure:4315: result: yes
configure:4315: checking for limits.h
configure:4315: result: yes
configure:4315: checking for stdint.h
configure:4315: result: yes
configure:4315: checking for stdlib.h
configure:4315: result: yes
configure:4315: checking for string.h
configure:4315: result: yes
configure:4315: checking sys/statfs.h usability
configure:4315: gcc -c -g -O2 -Wall -g  conftest.c >&5
configure:4315: $? = 0
configure:4315: result: yes
configure:4315: checking sys/statfs.h presence
configure:4315: gcc -E  conftest.c
configure:4315: $? = 0
configure:4315: result: yes
configure:4315: checking for sys/statfs.h
configure:4315: result: yes
configure:4315: checking sys/param.h usability
configure:4315: gcc -c -g -O2 -Wall -g  conftest.c >&5
configure:4315: $? = 0
configure:4315: result: yes
configure:4315: checking sys/param.h presence
configure:4315: gcc -E  conftest.c
configure:4315: $? = 0
configure:4315: result: yes
configure:4315: checking for sys/param.h
configure:4315: result: yes
configure:4315: checking sys/statvfs.h usability
configure:4315: gcc -c -g -O2 -Wall -g  conftest.c >&5
configure:4315: $? = 0
configure:4315: result: yes
configure:4315: checking sys/statvfs.h presence
configure:4315: gcc -E  conftest.c
configure:4315: $? = 0
configure:4315: result: yes
configure:4315: checking for sys/statvfs.h
configure:4315: result: yes
configure:4315: checking sys/time.h usability
configure:4315: gcc -c -g -O2 -Wall -g  conftest.c >&5
configure:4315: $? = 0
configure:4315: result: yes
configure:4315: checking sys/time.h presence
configure:4315: gcc -E  conftest.c
configure:4315: $? = 0
configure:4315: result: yes
configure:4315: checking for sys/time.h
configure:4315: result: yes
configure:4315: checking syslog.h usability
configure:4315: gcc -c -g -O2 -Wall -g  conftest.c >&5
configure:4315: $? = 0
configure:4315: result: yes
configure:4315: checking syslog.h presence
configure:4315: gcc -E  conftest.c
configure:4315: $? = 0
configure:4315: result: yes
configure:4315: checking for syslog.h
configure:4315: result: yes
configure:4315: checking for unistd.h
configure:4315: result: yes
configure:4315: checking utime.h usability
configure:4315: gcc -c -g -O2 -Wall -g  conftest.c >&5
configure:4315: $? = 0
configure:4315: result: yes
configure:4315: checking utime.h presence
configure:4315: gcc -E  conftest.c
configure:4315: $? = 0
configure:4315: result: yes
configure:4315: checking for utime.h
configure:4315: result: yes
configure:4327: checking for uid_t in sys/types.h
configure:4346: result: yes
configure:4357: checking for inline
configure:4373: gcc -c -g -O2 -Wall -g  conftest.c >&5
configure:4373: $? = 0
configure:4381: result: inline
configure:4399: checking for mode_t
configure:4399: gcc -c -g -O2 -Wall -g  conftest.c >&5
configure:4399: $? = 0
configure:4399: gcc -c -g -O2 -Wall -g  conftest.c >&5
conftest.c: In function 'main':
conftest.c:71:21: error: expected expression before ')' token
configure:4399: $? = 1
configure: failed program was:
| /* confdefs.h */
| #define PACKAGE_NAME "PCFS by RPI"
| #define PACKAGE_TARNAME "pcfs-by-rpi"
| #define PACKAGE_VERSION "1.0"
| #define PACKAGE_STRING "PCFS by RPI 1.0"
| #define PACKAGE_BUGREPORT ""
| #define PACKAGE_URL ""
| #define PACKAGE "pcfs-by-rpi"
| #define VERSION "1.0"
| #define STDC_HEADERS 1
| #define HAVE_SYS_TYPES_H 1
| #define HAVE_SYS_STAT_H 1
| #define HAVE_STDLIB_H 1
| #define HAVE_STRING_H 1
| #define HAVE_MEMORY_H 1
| #define HAVE_STRINGS_H 1
| #define HAVE_INTTYPES_H 1
| #define HAVE_STDINT_H 1
| #define HAVE_UNISTD_H 1
| #define HAVE_SYS_MOUNT_H 1
| #define HAVE_SYS_FSUID_H 1
| #define HAVE_FCNTL_H 1
| #define HAVE_LIMITS_H 1
| #define HAVE_STDINT_H 1
| #define HAVE_STDLIB_H 1
| #define HAVE_STRING_H 1
| #define HAVE_SYS_STATFS_H 1
| #define HAVE_SYS_PARAM_H 1
| #define HAVE_SYS_STATVFS_H 1
| #define HAVE_SYS_TIME_H 1
| #define HAVE_SYSLOG_H 1
| #define HAVE_UNISTD_H 1
| #define HAVE_UTIME_H 1
| /* end confdefs.h.  */
| #include <stdio.h>
| #ifdef HAVE_SYS_TYPES_H
| # include <sys/types.h>
| #endif
| #ifdef HAVE_SYS_STAT_H
| # include <sys/stat.h>
| #endif
| #ifdef STDC_HEADERS
| # include <stdlib.h>
| # include <stddef.h>
| #else
| # ifdef HAVE_STDLIB_H
| #  include <stdlib.h>
| # endif
| #endif
| #ifdef HAVE_STRING_H
| # if !defined STDC_HEADERS && defined HAVE_MEMORY_H
| #  include <memory.h>
| # endif
| # include <string.h>
| #endif
| #ifdef HAVE_STRINGS_H
| # include <strings.h>
| #endif
| #ifdef HAVE_INTTYPES_H
| # include <inttypes.h>
| #endif
| #ifdef HAVE_STDINT_H
| # include <stdint.h>
| #endif
| #ifdef HAVE_UNISTD_H
| # include <unistd.h>
| #endif
| int
| main ()
| {
| if (sizeof ((mode_t)))
| 	    return 0;
|   ;
|   return 0;
| }
configure:4399: result: yes
configure:4410: checking for off_t
configure:4410: gcc -c -g -O2 -Wall -g  conftest.c >&5
configure:4410: $? = 0
configure:4410: gcc -c -g -O2 -Wall -g  conftest.c >&5
conftest.c: In function 'main':
conftest.c:71:20: error: expected expression before ')' token
configure:4410: $? = 1
configure: failed program was:
| /* confdefs.h */
| #define PACKAGE_NAME "PCFS by RPI"
| #define PACKAGE_TARNAME "pcfs-by-rpi"
| #define PACKAGE_VERSION "1.0"
| #define PACKAGE_STRING "PCFS by RPI 1.0"
| #define PACKAGE_BUGREPORT ""
| #define PACKAGE_URL ""
| #define PACKAGE "pcfs-by-rpi"
| #define VERSION "1.0"
| #define STDC_HEADERS 1
| #define HAVE_SYS_TYPES_H 1
| #define HAVE_SYS_STAT_H 1
| #define HAVE_STDLIB_H 1
| #define HAVE_STRING_H 1
| #define HAVE_MEMORY_H 1
| #define HAVE_STRINGS_H 1
| #define HAVE_INTTYPES_H 1
| #define HAVE_STDINT_H 1
| #define HAVE_UNISTD_H 1
| #define HAVE_SYS_MOUNT_H 1
| #define HAVE_SYS_FSUID_H 1
| #define HAVE_FCNTL_H 1
| #define HAVE_LIMITS_H 1
| #define HAVE_STDINT_H 1
| #define HAVE_STDLIB_H 1
| #define HAVE_STRING_H 1
| #define HAVE_SYS_STATFS_H 1
| #define HAVE_SYS_PARAM_H 1
| #define HAVE_SYS_STATVFS_H 1
| #define HAVE_SYS_TIME_H 1
| #define HAVE_SYSLOG_H 1
| #define HAVE_UNISTD_H 1
| #define HAVE_UTIME_H 1
| /* end confdefs.h.  */
| #include <stdio.h>
| #ifdef HAVE_SYS_TYPES_H
| # include <sys/types.h>
| #endif
| #ifdef HAVE_SYS_STAT_H
| # include <sys/stat.h>
| #endif
| #ifdef STDC_HEADERS
| # include <stdlib.h>
| # include <stddef.h>
| #else
| # ifdef HAVE_STDLIB_H
| #  include <stdlib.h>
| # endif
| #endif
| #ifdef HAVE_STRING_H
| # if !defined STDC_HEADERS && defined HAVE_MEMORY_H
| #  include <memory.h>
| # endif
| # include <string.h>
| #endif
| #ifdef HAVE_STRINGS_H
| # include <strings.h>
| #endif
| #ifdef HAVE_INTTYPES_H
| # include <inttypes.h>
| #endif
| #ifdef HAVE_STDINT_H
| # include <stdint.h>
| #endif
| #ifdef HAVE_UNISTD_H
| # include <unistd.h>
| #endif
| int
| main ()
| {
| if (sizeof ((off_t)))
| 	    return 0;
|   ;
|   return 0;
| }
configure:4410: result: yes
configure:4421: checking for size_t
configure:4421: gcc -c -g -O2 -Wall -g  conftest.c >&5
configure:4421: $? = 0
configure:4421: gcc -c -g -O2 -Wall -g  conftest.c >&5
conftest.c: In function 'main':
conftest.c:71:21: error: expected expression before ')' token
configure:4421: $? = 1
configure: failed program was:
| /* confdefs.h */
| #define PACKAGE_NAME "PCFS by RPI"
| #define PACKAGE_TARNAME "pcfs-by-rpi"
| #define PACKAGE_VERSION "1.0"
| #define PACKAGE_STRING "PCFS by RPI 1.0"
| #define PACKAGE_BUGREPORT ""
| #define PACKAGE_URL ""
| #define PACKAGE "pcfs-by-rpi"
| #define VERSION "1.0"
| #define STDC_HEADERS 1
| #define HAVE_SYS_TYPES_H 1
| #define HAVE_SYS_STAT_H 1
| #define HAVE_STDLIB_H 1
| #define HAVE_STRING_H 1
| #define HAVE_MEMORY_H 1
| #define HAVE_STRINGS_H 1
| #define HAVE_INTTYPES_H 1
| #define HAVE_STDINT_H 1
| #define HAVE_UNISTD_H 1
| #define HAVE_SYS_MOUNT_H 1
| #define HAVE_SYS_FSUID_H 1
| #define HAVE_FCNTL_H 1
| #define HAVE_LIMITS_H 1
| #define HAVE_STDINT_H 1
| #define HAVE_STDLIB_H 1
| #define HAVE_STRING_H 1
| #define HAVE_SYS_STATFS_H 1
| #define HAVE_SYS_PARAM_H 1
| #define HAVE_SYS_STATVFS_H 1
| #define HAVE_SYS_TIME_H 1
| #define HAVE_SYSLOG_H 1
| #define HAVE_UNISTD_H 1
| #define HAVE_UTIME_H 1
| /* end confdefs.h.  */
| #include <stdio.h>
| #ifdef HAVE_SYS_TYPES_H
| # include <sys/types.h>
| #endif
| #ifdef HAVE_SYS_STAT_H
| # include <sys/stat.h>
| #endif
| #ifdef STDC_HEADERS
| # include <stdlib.h>
| # include <stddef.h>
| #else
| # ifdef HAVE_STDLIB_H
| #  include <stdlib.h>
| # endif
| #endif
| #ifdef HAVE_STRING_H
| # if !defined STDC_HEADERS && defined HAVE_MEMORY_H
| #  include <memory.h>
| # endif
| # include <string.h>
| #endif
| #ifdef HAVE_STRINGS_H
| # include <strings.h>
| #endif
| #ifdef HAVE_INTTYPES_H
| # include <inttypes.h>
| #endif
| #ifdef HAVE_STDINT_H
| # include <stdint.h>
| #endif
| #ifdef HAVE_UNISTD_H
| # include <unistd.h>
| #endif
| int
| main ()
| {
| if (sizeof ((size_t)))
| 	    return 0;
|   ;
|   return 0;
| }
configure:4421: result: yes
configure:4432: checking for uint64_t
configure:4432: gcc -c -g -O2 -Wall -g  conftest.c >&5
conftest.c: In function 'main':
conftest.c:71:12: warning: variable 'test_array' set but not used [-Wunused-but-set-variable]
configure:4432: $? = 0
configure:4432: result: yes
configure:4446: checking for uint8_t
configure:4446: gcc -c -g -O2 -Wall -g  conftest.c >&5
conftest.c: In function 'main':
conftest.c:71:12: warning: variable 'test_array' set but not used [-Wunused-but-set-variable]
configure:4446: $? = 0
configure:4446: result: yes
configure:4462: checking whether lstat correctly handles trailing slash
configure:4488: gcc -o conftest -g -O2 -Wall -g   conftest.c  >&5
configure:4488: $? = 0
configure:4488: ./conftest
configure:4488: $? = 0
configure:4505: result: yes
configure:4526: checking for stdlib.h
configure:4526: result: yes
configure:4536: checking for GNU libc compatible malloc
configure:4560: gcc -o conftest -g -O2 -Wall -g   conftest.c  >&5
configure:4560: $? = 0
configure:4560: ./conftest
configure:4560: $? = 0
configure:4570: result: yes
configure:4593: checking for stdlib.h
configure:4593: result: yes
configure:4603: checking for GNU libc compatible realloc
configure:4627: gcc -o conftest -g -O2 -Wall -g   conftest.c  >&5
configure:4627: $? = 0
configure:4627: ./conftest
configure:4627: $? = 0
configure:4637: result: yes
configure:4661: checking for setfsuid
configure:4661: gcc -o conftest -g -O2 -Wall -g   conftest.c  >&5
configure:4661: $? = 0
configure:4661: result: yes
configure:4661: checking for setfsgid
configure:4661: gcc -o conftest -g -O2 -Wall -g   conftest.c  >&5
configure:4661: $? = 0
configure:4661: result: yes
configure:4661: checking for fchdir
configure:4661: gcc -o conftest -g -O2 -Wall -g   conftest.c  >&5
configure:4661: $? = 0
configure:4661: result: yes
configure:4661: checking for fdatasync
configure:4661: gcc -o conftest -g -O2 -Wall -g   conftest.c  >&5
configure:4661: $? = 0
configure:4661: result: yes
configure:4661: checking for ftruncate
configure:4661: gcc -o conftest -g -O2 -Wall -g   conftest.c  >&5
configure:4661: $? = 0
configure:4661: result: yes
configure:4661: checking for lchown
configure:4661: gcc -o conftest -g -O2 -Wall -g   conftest.c  >&5
configure:4661: $? = 0
configure:4661: result: yes
configure:4661: checking for memset
configure:4661: gcc -o conftest -g -O2 -Wall -g   conftest.c  >&5
conftest.c:69:6: warning: conflicting types for built-in function 'memset' [enabled by default]
configure:4661: $? = 0
configure:4661: result: yes
configure:4661: checking for mkdir
configure:4661: gcc -o conftest -g -O2 -Wall -g   conftest.c  >&5
configure:4661: $? = 0
configure:4661: result: yes
configure:4661: checking for rmdir
configure:4661: gcc -o conftest -g -O2 -Wall -g   conftest.c  >&5
configure:4661: $? = 0
configure:4661: result: yes
configure:4661: checking for strchr
configure:4661: gcc -o conftest -g -O2 -Wall -g   conftest.c  >&5
conftest.c:72:6: warning: conflicting types for built-in function 'strchr' [enabled by default]
configure:4661: $? = 0
configure:4661: result: yes
configure:4661: checking for strdup
configure:4661: gcc -o conftest -g -O2 -Wall -g   conftest.c  >&5
conftest.c:73:6: warning: conflicting types for built-in function 'strdup' [enabled by default]
configure:4661: $? = 0
configure:4661: result: yes
configure:4661: checking for strerror
configure:4661: gcc -o conftest -g -O2 -Wall -g   conftest.c  >&5
configure:4661: $? = 0
configure:4661: result: yes
configure:4661: checking for strstr
configure:4661: gcc -o conftest -g -O2 -Wall -g   conftest.c  >&5
conftest.c:75:6: warning: conflicting types for built-in function 'strstr' [enabled by default]
configure:4661: $? = 0
configure:4661: result: yes
configure:4661: checking for strtol
configure:4661: gcc -o conftest -g -O2 -Wall -g   conftest.c  >&5
configure:4661: $? = 0
configure:4661: result: yes
configure:4661: checking for utime
configure:4661: gcc -o conftest -g -O2 -Wall -g   conftest.c  >&5
configure:4661: $? = 0
configure:4661: result: yes
configure:4671: checking whether byte ordering is bigendian
configure:4686: gcc -c -g -O2 -Wall -g  conftest.c >&5
conftest.c:56:9: error: unknown type name 'not'
conftest.c:56:15: error: expected '=', ',', ';', 'asm' or '__attribute__' before 'universal'
conftest.c:56:15: error: unknown type name 'universal'
configure:4686: $? = 1
configure: failed program was:
| /* confdefs.h */
| #define PACKAGE_NAME "PCFS by RPI"
| #define PACKAGE_TARNAME "pcfs-by-rpi"
| #define PACKAGE_VERSION "1.0"
| #define PACKAGE_STRING "PCFS by RPI 1.0"
| #define PACKAGE_BUGREPORT ""
| #define PACKAGE_URL ""
| #define PACKAGE "pcfs-by-rpi"
| #define VERSION "1.0"
| #define STDC_HEADERS 1
| #define HAVE_SYS_TYPES_H 1
| #define HAVE_SYS_STAT_H 1
| #define HAVE_STDLIB_H 1
| #define HAVE_STRING_H 1
| #define HAVE_MEMORY_H 1
| #define HAVE_STRINGS_H 1
| #define HAVE_INTTYPES_H 1
| #define HAVE_STDINT_H 1
| #define HAVE_UNISTD_H 1
| #define HAVE_SYS_MOUNT_H 1
| #define HAVE_SYS_FSUID_H 1
| #define HAVE_FCNTL_H 1
| #define HAVE_LIMITS_H 1
| #define HAVE_STDINT_H 1
| #define HAVE_STDLIB_H 1
| #define HAVE_STRING_H 1
| #define HAVE_SYS_STATFS_H 1
| #define HAVE_SYS_PARAM_H 1
| #define HAVE_SYS_STATVFS_H 1
| #define HAVE_SYS_TIME_H 1
| #define HAVE_SYSLOG_H 1
| #define HAVE_UNISTD_H 1
| #define HAVE_UTIME_H 1
| #define LSTAT_FOLLOWS_SLASHED_SYMLINK 1
| #define HAVE_STDLIB_H 1
| #define HAVE_MALLOC 1
| #define HAVE_STDLIB_H 1
| #define HAVE_REALLOC 1
| #define HAVE_SETFSUID 1
| #define HAVE_SETFSGID 1
| #define HAVE_FCHDIR 1
| #define HAVE_FDATASYNC 1
| #define HAVE_FTRUNCATE 1
| #define HAVE_LCHOWN 1
| #define HAVE_MEMSET 1
| #define HAVE_MKDIR 1
| #define HAVE_RMDIR 1
| #define HAVE_STRCHR 1
| #define HAVE_STRDUP 1
| #define HAVE_STRERROR 1
| #define HAVE_STRSTR 1
| #define HAVE_STRTOL 1
| #define HAVE_UTIME 1
| /* end confdefs.h.  */
| #ifndef __APPLE_CC__
| 	       not a universal capable compiler
| 	     #endif
| 	     typedef int dummy;
| 
configure:4731: gcc -c -g -O2 -Wall -g  conftest.c >&5
configure:4731: $? = 0
configure:4749: gcc -c -g -O2 -Wall -g  conftest.c >&5
conftest.c: In function 'main':
conftest.c:62:4: error: unknown type name 'not'
conftest.c:62:12: error: expected '=', ',', ';', 'asm' or '__attribute__' before 'endian'
configure:4749: $? = 1
configure: failed program was:
| /* confdefs.h */
| #define PACKAGE_NAME "PCFS by RPI"
| #define PACKAGE_TARNAME "pcfs-by-rpi"
| #define PACKAGE_VERSION "1.0"
| #define PACKAGE_STRING "PCFS by RPI 1.0"
| #define PACKAGE_BUGREPORT ""
| #define PACKAGE_URL ""
| #define PACKAGE "pcfs-by-rpi"
| #define VERSION "1.0"
| #define STDC_HEADERS 1
| #define HAVE_SYS_TYPES_H 1
| #define HAVE_SYS_STAT_H 1
| #define HAVE_STDLIB_H 1
| #define HAVE_STRING_H 1
| #define HAVE_MEMORY_H 1
| #define HAVE_STRINGS_H 1
| #define HAVE_INTTYPES_H 1
| #define HAVE_STDINT_H 1
| #define HAVE_UNISTD_H 1
| #define HAVE_SYS_MOUNT_H 1
| #define HAVE_SYS_FSUID_H 1
| #define HAVE_FCNTL_H 1
| #define HAVE_LIMITS_H 1
| #define HAVE_STDINT_H 1
| #define HAVE_STDLIB_H 1
| #define HAVE_STRING_H 1
| #define HAVE_SYS_STATFS_H 1
| #define HAVE_SYS_PARAM_H 1
| #define HAVE_SYS_STATVFS_H 1
| #define HAVE_SYS_TIME_H 1
| #define HAVE_SYSLOG_H 1
| #define HAVE_UNISTD_H 1
| #define HAVE_UTIME_H 1
| #define LSTAT_FOLLOWS_SLASHED_SYMLINK 1
| #define HAVE_STDLIB_H 1
| #define HAVE_MALLOC 1
| #define HAVE_STDLIB_H 1
| #define HAVE_REALLOC 1
| #define HAVE_SETFSUID 1
| #define HAVE_SETFSGID 1
| #define HAVE_FCHDIR 1
| #define HAVE_FDATASYNC 1
| #define HAVE_FTRUNCATE 1
| #define HAVE_LCHOWN 1
| #define HAVE_MEMSET 1
| #define HAVE_MKDIR 1
| #define HAVE_RMDIR 1
| #define HAVE_STRCHR 1
| #define HAVE_STRDUP 1
| #define HAVE_STRERROR 1
| #define HAVE_STRSTR 1
| #define HAVE_STRTOL 1
| #define HAVE_UTIME 1
| /* end confdefs.h.  */
| #include <sys/types.h>
| 		#include <sys/param.h>
| 
| int
| main ()
| {
| #if BYTE_ORDER != BIG_ENDIAN
| 		 not big endian
| 		#endif
| 
|   ;
|   return 0;
| }
configure:4877: result: no
configure:4935: checking zlib.h usability
configure:4935: gcc -c -g -O2 -Wall -g  conftest.c >&5
configure:4935: $? = 0
configure:4935: result: yes
configure:4935: checking zlib.h presence
configure:4935: gcc -E  conftest.c
configure:4935: $? = 0
configure:4935: result: yes
configure:4935: checking for zlib.h
configure:4935: result: yes
configure:4941: checking for gzwrite in -lz
configure:4966: gcc -o conftest -g -O2 -Wall -g   conftest.c -lz   >&5
configure:4966: $? = 0
configure:4975: result: yes
configure:5110: checking for pkg-config
configure:5128: found /usr/bin/pkg-config
configure:5140: result: /usr/bin/pkg-config
configure:5165: checking pkg-config is at least version 0.9.0
configure:5168: result: yes
configure:5178: checking for fuse
configure:5185: $PKG_CONFIG --exists --print-errors "fuse >= 2.2"
configure:5188: $? = 0
configure:5202: $PKG_CONFIG --exists --print-errors "fuse >= 2.2"
configure:5205: $? = 0
configure:5263: result: yes
configure:5419: creating ./config.status

## ---------------------- ##
## Running config.status. ##
## ---------------------- ##

This file was extended by PCFS by RPI config.status 1.0, which was
generated by GNU Autoconf 2.68.  Invocation command line was

  CONFIG_FILES    = 
  CONFIG_HEADERS  = 
  CONFIG_LINKS    = 
  CONFIG_COMMANDS = 
  $ ./config.status 

on W530

config.status:908: creating Makefile
config.status:908: creating config.h
config.status:1089: config.h is unchanged
config.status:1137: executing depfiles commands

## ---------------- ##
## Cache variables. ##
## ---------------- ##

ac_cv_c_bigendian=no
ac_cv_c_compiler_gnu=yes
ac_cv_c_inline=inline
ac_cv_c_uint64_t=yes
ac_cv_c_uint8_t=yes
ac_cv_env_CC_set=
ac_cv_env_CC_value=
ac_cv_env_CFLAGS_set=
ac_cv_env_CFLAGS_value=
ac_cv_env_CPPFLAGS_set=
ac_cv_env_CPPFLAGS_value=
ac_cv_env_CPP_set=
ac_cv_env_CPP_value=
ac_cv_env_LDFLAGS_set=
ac_cv_env_LDFLAGS_value=
ac_cv_env_LIBS_set=
ac_cv_env_LIBS_value=
ac_cv_env_PKG_CONFIG_LIBDIR_set=
ac_cv_env_PKG_CONFIG_LIBDIR_value=
ac_cv_env_PKG_CONFIG_PATH_set=
ac_cv_env_PKG_CONFIG_PATH_value=
ac_cv_env_PKG_CONFIG_set=
ac_cv_env_PKG_CONFIG_value=
ac_cv_env_build_alias_set=
ac_cv_env_build_alias_value=
ac_cv_env_fuse_CFLAGS_set=
ac_cv_env_fuse_CFLAGS_value=
ac_cv_env_fuse_LIBS_set=
ac_cv_env_fuse_LIBS_value=
ac_cv_env_host_alias_set=
ac_cv_env_host_alias_value=
ac_cv_env_target_alias_set=
ac_cv_env_target_alias_value=
ac_cv_func_fchdir=yes
ac_cv_func_fdatasync=yes
ac_cv_func_ftruncate=yes
ac_cv_func_lchown=yes
ac_cv_func_lstat_dereferences_slashed_symlink=yes
ac_cv_func_malloc_0_nonnull=yes
ac_cv_func_memset=yes
ac_cv_func_mkdir=yes
ac_cv_func_realloc_0_nonnull=yes
ac_cv_func_rmdir=yes
ac_cv_func_setfsgid=yes
ac_cv_func_setfsuid=yes
ac_cv_func_strchr=yes
ac_cv_func_strdup=yes
ac_cv_func_strerror=yes
ac_cv_func_strstr=yes
ac_cv_func_strtol=yes
ac_cv_func_utime=yes
ac_cv_header_fcntl_h=yes
ac_cv_header_inttypes_h=yes
ac_cv_header_limits_h=yes
ac_cv_header_memory_h=yes
ac_cv_header_stdc=yes
ac_cv_header_stdint_h=yes
ac_cv_header_stdlib_h=yes
ac_cv_header_string_h=yes
ac_cv_header_strings_h=yes
ac_cv_header_sys_fsuid_h=yes
ac_cv_header_sys_mount_h=yes
ac_cv_header_sys_param_h=yes
ac_cv_header_sys_stat_h=yes
ac_cv_header_sys_statfs_h=yes
ac_cv_header_sys_statvfs_h=yes
ac_cv_header_sys_time_h=yes
ac_cv_header_sys_types_h=yes
ac_cv_header_syslog_h=yes
ac_cv_header_unistd_h=yes
ac_cv_header_utime_h=yes
ac_cv_header_zlib_h=yes
ac_cv_lib_z_gzwrite=yes
ac_cv_objext=o
ac_cv_path_EGREP='/bin/grep -E'
ac_cv_path_GREP=/bin/grep
ac_cv_path_ac_pt_PKG_CONFIG=/usr/bin/pkg-config
ac_cv_path_install='/usr/bin/install -c'
ac_cv_path_mkdir=/bin/mkdir
ac_cv_prog_AWK=mawk
ac_cv_prog_CPP='gcc -E'
ac_cv_prog_ac_ct_CC=gcc
ac_cv_prog_cc_c89=
ac_cv_prog_cc_g=yes
ac_cv_prog_cc_gcc_c_o=yes
ac_cv_prog_make_make_set=yes
ac_cv_type_mode_t=yes
ac_cv_type_off_t=yes
ac_cv_type_size_t=yes
ac_cv_type_uid_t=yes
am_cv_CC_dependencies_compiler_type=gcc3
pkg_cv_fuse_CFLAGS='-D_FILE_OFFSET_BITS=64 -I/usr/local/include/fuse  '
pkg_cv_fuse_LIBS='-pthread -L/usr/local/lib -lfuse  '

## ----------------- ##
## Output variables. ##
## ----------------- ##

ACLOCAL='${SHELL} /home/xuebinzhang/myFuse/PCFS/missing --run aclocal-1.11'
AMDEPBACKSLASH='\'
AMDEP_FALSE='#'
AMDEP_TRUE=''
AMTAR='$${TAR-tar}'
AUTOCONF='${SHELL} /home/xuebinzhang/myFuse/PCFS/missing --run autoconf'
AUTOHEADER='${SHELL} /home/xuebinzhang/myFuse/PCFS/missing --run autoheader'
AUTOMAKE='${SHELL} /home/xuebinzhang/myFuse/PCFS/missing --run automake-1.11'
AWK='mawk'
CC='gcc'
CCDEPMODE='depmode=gcc3'
CFLAGS='-g -O2 -Wall -g'
CONFIG_OSX_FALSE=''
CONFIG_OSX_TRUE='#'
CPP='gcc -E'
CPPFLAGS=''
CYGPATH_W='echo'
DEBUG_FALSE='#'
DEBUG_TRUE=''
DEFS='-DHAVE_CONFIG_H'
DEPDIR='.deps'
ECHO_C=''
ECHO_N='-n'
ECHO_T=''
EGREP='/bin/grep -E'
EXEEXT=''
GREP='/bin/grep'
HAVE_ZLIB_FALSE='#'
HAVE_ZLIB_TRUE=''
INSTALL_DATA='${INSTALL} -m 644'
INSTALL_PROGRAM='${INSTALL}'
INSTALL_SCRIPT='${INSTALL}'
INSTALL_STRIP_PROGRAM='$(install_sh) -c -s'
LDFLAGS=''
LIBOBJS=''
LIBS=' -lz -pthread -L/usr/local/lib -lfuse  '
LN_S='ln -s'
LTLIBOBJS=''
MAKEINFO='${SHELL} /home/xuebinzhang/myFuse/PCFS/missing --run makeinfo'
MKDIR_P='/bin/mkdir -p'
OBJEXT='o'
PACKAGE='pcfs-by-rpi'
PACKAGE_BUGREPORT=''
PACKAGE_NAME='PCFS by RPI'
PACKAGE_STRING='PCFS by RPI 1.0'
PACKAGE_TARNAME='pcfs-by-rpi'
PACKAGE_URL=''
PACKAGE_VERSION='1.0'
PATH_SEPARATOR=':'
PKG_CONFIG='/usr/bin/pkg-config'
PKG_CONFIG_LIBDIR=''
PKG_CONFIG_PATH='/usr/local/lib/pkgconfig:'
SET_MAKE=''
SHELL='/bin/sh'
STRIP=''
VERSION='1.0'
ac_ct_CC='gcc'
am__EXEEXT_FALSE=''
am__EXEEXT_TRUE='#'
am__fastdepCC_FALSE='#'
am__fastdepCC_TRUE=''
am__include='include'
am__isrc=''
am__leading_dot='.'
am__nodep='_no'
am__quote=''
am__tar='$${TAR-tar} chof - "$$tardir"'
am__untar='$${TAR-tar} xf -'
bindir='${exec_prefix}/bin'
build_alias=''
datadir='${datarootdir}'
datarootdir='${prefix}/share'
docdir='${datarootdir}/doc/${PACKAGE_TARNAME}'
dvidir='${docdir}'
exec_prefix='${prefix}'
fuse_CFLAGS='-D_FILE_OFFSET_BITS=64 -I/usr/local/include/fuse  '
fuse_LIBS='-pthread -L/usr/local/lib -lfuse  '
host_alias=''
htmldir='${docdir}'
includedir='${prefix}/include'
infodir='${datarootdir}/info'
install_sh='${SHELL} /home/xuebinzhang/myFuse/PCFS/install-sh'
libdir='${exec_prefix}/lib'
libexecdir='${exec_prefix}/libexec'
localedir='${datarootdir}/locale'
localstatedir='${prefix}/var'
mandir='${datarootdir}/man'
mkdir_p='/bin/mkdir -p'
oldincludedir='/usr/include'
pdfdir='${docdir}'
prefix='/usr/local'
program_transform_name='s,x,x,'
psdir='${docdir}'
sbindir='${exec_prefix}/sbin'
sharedstatedir='${prefix}/com'
sysconfdir='${prefix}/etc'
target_alias=''

## ----------- ##
## confdefs.h. ##
## ----------- ##

/* confdefs.h */
#define PACKAGE_NAME "PCFS by RPI"
#define PACKAGE_TARNAME "pcfs-by-rpi"
#define PACKAGE_VERSION "1.0"
#define PACKAGE_STRING "PCFS by RPI 1.0"
#define PACKAGE_BUGREPORT ""
#define PACKAGE_URL ""
#define PACKAGE "pcfs-by-rpi"
#define VERSION "1.0"
#define STDC_HEADERS 1
#define HAVE_SYS_TYPES_H 1
#define HAVE_SYS_STAT_H 1
#define HAVE_STDLIB_H 1
#define HAVE_STRING_H 1
#define HAVE_MEMORY_H 1
#define HAVE_STRINGS_H 1
#define HAVE_INTTYPES_H 1
#define HAVE_STDINT_H 1
#define HAVE_UNISTD_H 1
#define HAVE_SYS_MOUNT_H 1
#define HAVE_SYS_FSUID_H 1
#define HAVE_FCNTL_H 1
#define HAVE_LIMITS_H 1
#define HAVE_STDINT_H 1
#define HAVE_STDLIB_H 1
#define HAVE_STRING_H 1
#define HAVE_SYS_STATFS_H 1
#define HAVE_SYS_PARAM_H 1
#define HAVE_SYS_STATVFS_H 1
#define HAVE_SYS_TIME_H 1
#define HAVE_SYSLOG_H 1
#define HAVE_UNISTD_H 1
#define HAVE_UTIME_H 1
#define LSTAT_FOLLOWS_SLASHED_SYMLINK 1
#define HAVE_STDLIB_H 1
#define HAVE_MALLOC 1
#define HAVE_STDLIB_H 1
#define HAVE_REALLOC 1
#define HAVE_SETFSUID 1
#define HAVE_SETFSGID 1
#define HAVE_FCHDIR 1
#define HAVE_FDATASYNC 1
#define HAVE_FTRUNCATE 1
#define HAVE_LCHOWN 1
#define HAVE_MEMSET 1
#define HAVE_MKDIR 1
#define HAVE_RMDIR 1
#define HAVE_STRCHR 1
#define HAVE_STRDUP 1
#define HAVE_STRERROR 1
#define HAVE_STRSTR 1
#define HAVE_STRTOL 1
#define HAVE_UTIME 1
#define FC_LITTLE_ENDIAN 1
#define HAVE_ZLIB 1

configure: exit 0
